<?xml version="1.0" encoding="UTF-8"?>
<!DOCTYPE coverage SYSTEM "https://raw.githubusercontent.com/cobertura/cobertura/master/cobertura/src/site/htdocs/xml/coverage-04.dtd">
<coverage line-rate="0.590361445783133" branch-rate="0" lines-covered="49" lines-valid="83" branches-covered="0" branches-valid="0" complexity="0" version="3.6.4" timestamp="2024-03-14 13:06:20.573693">
  <sources>
    <source>/__w/clindata/clindata/clindata</source>
  </sources>
  <packages>
    <package name="clindata" line-rate="0.590361445783133" branch-rate="0" complexity="0">
      <classes>
        <class name="api_cache.R" filename="R/api_cache.R" line-rate="1" branch-rate="0" complexity="0">
          <methods>
            <method name="cache_init" signature="" line-rate="1" branch-rate="0" complexity="0">
              <lines>
                <line number="21" hits="6" branch="false"/>
              </lines>
            </method>
            <method name="cache_ls" signature="" line-rate="1" branch-rate="0" complexity="0">
              <lines>
                <line number="29" hits="3" branch="false"/>
              </lines>
            </method>
            <method name="cache_dir" signature="" line-rate="1" branch-rate="0" complexity="0">
              <lines>
                <line number="36" hits="22" branch="false"/>
                <line number="37" hits="1" branch="false"/>
                <line number="39" hits="21" branch="false"/>
                <line number="40" hits="21" branch="false"/>
                <line number="41" hits="21" branch="false"/>
                <line number="42" hits="21" branch="false"/>
              </lines>
            </method>
            <method name="cache_rm" signature="" line-rate="1" branch-rate="0" complexity="0">
              <lines>
                <line number="83" hits="1" branch="false"/>
                <line number="84" hits="1" branch="false"/>
                <line number="85" hits="1" branch="false"/>
                <line number="86" hits="1" branch="false"/>
                <line number="87" hits="1" branch="false"/>
                <line number="88" hits="1" branch="false"/>
              </lines>
            </method>
            <method name="cache_destroy" signature="" line-rate="1" branch-rate="0" complexity="0">
              <lines>
                <line number="94" hits="6" branch="false"/>
                <line number="95" hits="6" branch="false"/>
                <line number="96" hits="1" branch="false"/>
              </lines>
            </method>
          </methods>
          <lines>
            <line number="21" hits="6" branch="false"/>
            <line number="29" hits="3" branch="false"/>
            <line number="36" hits="22" branch="false"/>
            <line number="37" hits="1" branch="false"/>
            <line number="39" hits="21" branch="false"/>
            <line number="40" hits="21" branch="false"/>
            <line number="41" hits="21" branch="false"/>
            <line number="42" hits="21" branch="false"/>
            <line number="83" hits="1" branch="false"/>
            <line number="84" hits="1" branch="false"/>
            <line number="85" hits="1" branch="false"/>
            <line number="86" hits="1" branch="false"/>
            <line number="87" hits="1" branch="false"/>
            <line number="88" hits="1" branch="false"/>
            <line number="94" hits="6" branch="false"/>
            <line number="95" hits="6" branch="false"/>
            <line number="96" hits="1" branch="false"/>
          </lines>
        </class>
        <class name="api_data.R" filename="R/api_data.R" line-rate="1" branch-rate="0" complexity="0">
          <methods>
            <method name="read_data" signature="" line-rate="1" branch-rate="0" complexity="0">
              <lines>
                <line number="16" hits="4" branch="false"/>
                <line number="17" hits="2" branch="false"/>
                <line number="18" hits="2" branch="false"/>
                <line number="19" hits="2" branch="false"/>
                <line number="20" hits="2" branch="false"/>
                <line number="21" hits="1" branch="false"/>
                <line number="22" hits="1" branch="false"/>
                <line number="23" hits="1" branch="false"/>
                <line number="24" hits="1" branch="false"/>
                <line number="27" hits="1" branch="false"/>
                <line number="31" hits="2" branch="false"/>
                <line number="34" hits="3" branch="false"/>
              </lines>
            </method>
            <method name="load_data" signature="" line-rate="1" branch-rate="0" complexity="0">
              <lines>
                <line number="52" hits="2" branch="false"/>
                <line number="53" hits="2" branch="false"/>
                <line number="54" hits="2" branch="false"/>
                <line number="55" hits="2" branch="false"/>
                <line number="56" hits="2" branch="false"/>
                <line number="57" hits="2" branch="false"/>
                <line number="58" hits="2" branch="false"/>
              </lines>
            </method>
            <method name="cache_data" signature="" line-rate="1" branch-rate="0" complexity="0">
              <lines>
                <line number="83" hits="4" branch="false"/>
                <line number="84" hits="4" branch="false"/>
                <line number="86" hits="4" branch="false"/>
                <line number="88" hits="4" branch="false"/>
                <line number="89" hits="1" branch="false"/>
                <line number="92" hits="4" branch="false"/>
                <line number="93" hits="4" branch="false"/>
                <line number="94" hits="4" branch="false"/>
                <line number="95" hits="4" branch="false"/>
                <line number="96" hits="4" branch="false"/>
              </lines>
            </method>
            <method name="list_data" signature="" line-rate="1" branch-rate="0" complexity="0">
              <lines>
                <line number="110" hits="1" branch="false"/>
              </lines>
            </method>
            <method name="test_data" signature="" line-rate="1" branch-rate="0" complexity="0">
              <lines>
                <line number="115" hits="1" branch="false"/>
                <line number="116" hits="1" branch="false"/>
              </lines>
            </method>
          </methods>
          <lines>
            <line number="16" hits="4" branch="false"/>
            <line number="17" hits="2" branch="false"/>
            <line number="18" hits="2" branch="false"/>
            <line number="19" hits="2" branch="false"/>
            <line number="20" hits="2" branch="false"/>
            <line number="21" hits="1" branch="false"/>
            <line number="22" hits="1" branch="false"/>
            <line number="23" hits="1" branch="false"/>
            <line number="24" hits="1" branch="false"/>
            <line number="27" hits="1" branch="false"/>
            <line number="31" hits="2" branch="false"/>
            <line number="34" hits="3" branch="false"/>
            <line number="52" hits="2" branch="false"/>
            <line number="53" hits="2" branch="false"/>
            <line number="54" hits="2" branch="false"/>
            <line number="55" hits="2" branch="false"/>
            <line number="56" hits="2" branch="false"/>
            <line number="57" hits="2" branch="false"/>
            <line number="58" hits="2" branch="false"/>
            <line number="83" hits="4" branch="false"/>
            <line number="84" hits="4" branch="false"/>
            <line number="86" hits="4" branch="false"/>
            <line number="88" hits="4" branch="false"/>
            <line number="89" hits="1" branch="false"/>
            <line number="92" hits="4" branch="false"/>
            <line number="93" hits="4" branch="false"/>
            <line number="94" hits="4" branch="false"/>
            <line number="95" hits="4" branch="false"/>
            <line number="96" hits="4" branch="false"/>
            <line number="110" hits="1" branch="false"/>
            <line number="115" hits="1" branch="false"/>
            <line number="116" hits="1" branch="false"/>
          </lines>
        </class>
        <class name="simulations.R" filename="R/simulations.R" line-rate="0" branch-rate="0" complexity="0">
          <methods>
            <method name="compute_unstructured_matrix" signature="" line-rate="0" branch-rate="0" complexity="0">
              <lines>
                <line number="5" hits="0" branch="false"/>
                <line number="6" hits="0" branch="false"/>
                <line number="7" hits="0" branch="false"/>
                <line number="8" hits="0" branch="false"/>
                <line number="9" hits="0" branch="false"/>
                <line number="10" hits="0" branch="false"/>
                <line number="11" hits="0" branch="false"/>
              </lines>
            </method>
            <method name="compute_ar1_matrix" signature="" line-rate="0" branch-rate="0" complexity="0">
              <lines>
                <line number="16" hits="0" branch="false"/>
                <line number="17" hits="0" branch="false"/>
                <line number="18" hits="0" branch="false"/>
                <line number="19" hits="0" branch="false"/>
                <line number="21" hits="0" branch="false"/>
                <line number="23" hits="0" branch="false"/>
                <line number="25" hits="0" branch="false"/>
              </lines>
            </method>
            <method name="mcar" signature="" line-rate="0" branch-rate="0" complexity="0">
              <lines>
                <line number="32" hits="0" branch="false"/>
                <line number="33" hits="0" branch="false"/>
                <line number="34" hits="0" branch="false"/>
              </lines>
            </method>
            <method name="generate_outcomes" signature="" line-rate="0" branch-rate="0" complexity="0">
              <lines>
                <line number="42" hits="0" branch="false"/>
                <line number="43" hits="0" branch="false"/>
                <line number="45" hits="0" branch="false"/>
                <line number="46" hits="0" branch="false"/>
                <line number="48" hits="0" branch="false"/>
                <line number="49" hits="0" branch="false"/>
                <line number="50" hits="0" branch="false"/>
              </lines>
            </method>
            <method name="mar" signature="" line-rate="0" branch-rate="0" complexity="0">
              <lines>
                <line number="58" hits="0" branch="false"/>
                <line number="60" hits="0" branch="false"/>
                <line number="64" hits="0" branch="false"/>
                <line number="65" hits="0" branch="false"/>
                <line number="66" hits="0" branch="false"/>
                <line number="67" hits="0" branch="false"/>
                <line number="68" hits="0" branch="false"/>
                <line number="70" hits="0" branch="false"/>
                <line number="74" hits="0" branch="false"/>
                <line number="77" hits="0" branch="false"/>
              </lines>
            </method>
          </methods>
          <lines>
            <line number="5" hits="0" branch="false"/>
            <line number="6" hits="0" branch="false"/>
            <line number="7" hits="0" branch="false"/>
            <line number="8" hits="0" branch="false"/>
            <line number="9" hits="0" branch="false"/>
            <line number="10" hits="0" branch="false"/>
            <line number="11" hits="0" branch="false"/>
            <line number="16" hits="0" branch="false"/>
            <line number="17" hits="0" branch="false"/>
            <line number="18" hits="0" branch="false"/>
            <line number="19" hits="0" branch="false"/>
            <line number="21" hits="0" branch="false"/>
            <line number="23" hits="0" branch="false"/>
            <line number="25" hits="0" branch="false"/>
            <line number="32" hits="0" branch="false"/>
            <line number="33" hits="0" branch="false"/>
            <line number="34" hits="0" branch="false"/>
            <line number="42" hits="0" branch="false"/>
            <line number="43" hits="0" branch="false"/>
            <line number="45" hits="0" branch="false"/>
            <line number="46" hits="0" branch="false"/>
            <line number="48" hits="0" branch="false"/>
            <line number="49" hits="0" branch="false"/>
            <line number="50" hits="0" branch="false"/>
            <line number="58" hits="0" branch="false"/>
            <line number="60" hits="0" branch="false"/>
            <line number="64" hits="0" branch="false"/>
            <line number="65" hits="0" branch="false"/>
            <line number="66" hits="0" branch="false"/>
            <line number="67" hits="0" branch="false"/>
            <line number="68" hits="0" branch="false"/>
            <line number="70" hits="0" branch="false"/>
            <line number="74" hits="0" branch="false"/>
            <line number="77" hits="0" branch="false"/>
          </lines>
        </class>
      </classes>
    </package>
  </packages>
</coverage>
